23.01.2022 12:55:39.189 INFO ResponseEntity com.skillbox.socialnet.exception.ExceptionsHandler.handleAuthenticationCredentialsNotFoundException(AuthenticationCredentialsNotFoundException)
[org.springframework.security.authentication.AuthenticationCredentialsNotFoundException: no such user]
<401 UNAUTHORIZED Unauthorized,ErrorResponse(error=no such user, errorDesc=no such user, timestamp=1642924539189),[]>

23.01.2022 12:55:39.189 INFO ResponseEntity com.skillbox.socialnet.exception.ExceptionsHandler.handleAuthenticationCredentialsNotFoundException(AuthenticationCredentialsNotFoundException)
[org.springframework.security.authentication.AuthenticationCredentialsNotFoundException: no such user]
<401 UNAUTHORIZED Unauthorized,ErrorResponse(error=no such user, errorDesc=no such user, timestamp=1642924539189),[]>

23.01.2022 12:55:39.189 INFO ResponseEntity com.skillbox.socialnet.exception.ExceptionsHandler.handleAuthenticationCredentialsNotFoundException(AuthenticationCredentialsNotFoundException)
[org.springframework.security.authentication.AuthenticationCredentialsNotFoundException: no such user]
<401 UNAUTHORIZED Unauthorized,ErrorResponse(error=no such user, errorDesc=no such user, timestamp=1642924539189),[]>

23.01.2022 12:55:39.189 INFO ResponseEntity com.skillbox.socialnet.exception.ExceptionsHandler.handleAuthenticationCredentialsNotFoundException(AuthenticationCredentialsNotFoundException)
[org.springframework.security.authentication.AuthenticationCredentialsNotFoundException: no such user]
<401 UNAUTHORIZED Unauthorized,ErrorResponse(error=no such user, errorDesc=no such user, timestamp=1642924539189),[]>

23.01.2022 12:55:39.202 INFO ResponseEntity com.skillbox.socialnet.exception.ExceptionsHandler.handleAuthenticationCredentialsNotFoundException(AuthenticationCredentialsNotFoundException)
[org.springframework.security.authentication.AuthenticationCredentialsNotFoundException: no such user]
<401 UNAUTHORIZED Unauthorized,ErrorResponse(error=no such user, errorDesc=no such user, timestamp=1642924539202),[]>

23.01.2022 12:55:39.412 INFO GeneralListResponse com.skillbox.socialnet.service.PlatformService.getLanguage(String,Pageable)
[, ElementPageable(itemPerPage=20, offset=0, sort=id: ASC)]
GeneralListResponse(error=string, errorDesc=null, timestamp=1642924539409, total=1, offset=0, perPage=20, data=[LocationDTO(id=1, title=Русский)])

23.01.2022 12:55:39.422 INFO ResponseEntity com.skillbox.socialnet.controller.PlatformController.getLanguages(String,ElementPageable)
[, ElementPageable(itemPerPage=20, offset=0, sort=id: ASC)]
<200 OK OK,GeneralListResponse(error=string, errorDesc=null, timestamp=1642924539409, total=1, offset=0, perPage=20, data=[LocationDTO(id=1, title=Русский)]),[]>

23.01.2022 12:55:42.799 INFO List com.skillbox.socialnet.service.FriendsService.getMyFriends()
[]
[Person(id=1, firstName=Василий, lastName=Пупкин, eMail=p1@mail.ru), Person(id=4, firstName=Сергей, lastName=Сидоров, eMail=p4@mail.ru)]

23.01.2022 12:55:42.811 INFO Page com.skillbox.socialnet.repository.PostRepository.findByAuthorIn(List,Pageable)
[[Person(id=1, firstName=Василий, lastName=Пупкин, eMail=p1@mail.ru), Person(id=4, firstName=Сергей, lastName=Сидоров, eMail=p4@mail.ru)], ElementPageable(itemPerPage=5, offset=0, sort=id: ASC)]
Page 1 of 1 containing com.skillbox.socialnet.model.entity.Post instances

23.01.2022 12:55:42.862 INFO GeneralListResponse com.skillbox.socialnet.service.PostService.getFeeds(Pageable)
[ElementPageable(itemPerPage=5, offset=0, sort=id: ASC)]
GeneralListResponse(error=string, errorDesc=null, timestamp=1642924542862, total=1, offset=0, perPage=5, data=[PostDTO(id=1, time=1636538156000, author=UserDTO(id=1, firstName=Василий, lastName=Пупкин, registrationDate=1636538156000, birthDate=658749356000, email=p1@mail.ru, phone=89991234567, photo=null, about=Родился в небольшой, но честной семье, city=Серов, country=Россия, permission=ALL, lastOnlineTime=1637056556000, isBlocked=false, isFriend=null, isYouBlocked=false, me=false, token=null), title=My first post about Java Collections, postText=Java Collections are so fun and easy!, isBlocked=false, likes=1, myLike=1, comments=[CommentDTO(id=1, time=1636624556000, postId=1, parentId=0, commentText=No it is not, author=CommentAuthorDTO(id=1, firstName=Василий, lastName=Пупкин, photo=null), blocked=false, likes=0, myLike=0, subComments=[]), CommentDTO(id=2, time=1636710956000, postId=1, parentId=1, commentText=Learn about it more and you will see ;), author=CommentAuthorDTO(id=2, firstName=Иван, lastName=Иванов, photo=null), blocked=false, likes=0, myLike=0, subComments=[])], tags=[Java Collections, Life], type=POSTED), PostDTO(id=3, time=1636710956000, author=UserDTO(id=3, firstName=Феликс, lastName=Абрамов, registrationDate=1636710956000, birthDate=784979756000, email=p3@mail.ru, phone=89991234567, photo=null, about=Родился в небольшой и нечестной семье, city=Тель-Авив, country=Израиль, permission=ALL, lastOnlineTime=1637056556000, isBlocked=false, isFriend=null, isYouBlocked=false, me=false, token=null), title=Third test post, postText=Nothing to see here, isBlocked=false, likes=0, myLike=0, comments=[CommentDTO(id=5, time=1636970156000, postId=3, parentId=0, commentText=Bla-bla-bla, author=CommentAuthorDTO(id=3, firstName=Феликс, lastName=Абрамов, photo=null), blocked=false, likes=0, myLike=0, subComments=[])], tags=[Java Collections, Test], type=POSTED), PostDTO(id=2, time=1636538156000, author=UserDTO(id=2, firstName=Иван, lastName=Иванов, registrationDate=1636624556000, birthDate=721907756000, email=p2@mail.ru, phone=89992345678, photo=null, about=Родился в большой, но нечестной семье, city=Москва, country=Россия, permission=ALL, lastOnlineTime=1637056556000, isBlocked=false, isFriend=null, isYouBlocked=false, me=false, token=null), title=All things about my life, postText=Nobody actually even care!, isBlocked=true, likes=1, myLike=0, comments=[CommentDTO(id=3, time=1636797356000, postId=2, parentId=0, commentText=Stop this sh#t man, author=CommentAuthorDTO(id=2, firstName=Иван, lastName=Иванов, photo=null), blocked=false, likes=0, myLike=0, subComments=[]), CommentDTO(id=4, time=1636883756000, postId=2, parentId=3, commentText=Agreed, author=CommentAuthorDTO(id=3, firstName=Феликс, lastName=Абрамов, photo=null), blocked=false, likes=0, myLike=0, subComments=[]), CommentDTO(id=6, time=1637056556000, postId=2, parentId=5, commentText=qwljkqjwnpnqgiknqokngl, author=CommentAuthorDTO(id=1, firstName=Василий, lastName=Пупкин, photo=null), blocked=false, likes=0, myLike=0, subComments=[])], tags=[Life, Test], type=POSTED)])

